<?xml version="1.0" encoding="UTF-8"?>
<!-- Generated by org.testng.reporters.JUnitXMLReporter -->
<testsuite hostname="DESKTOP-RKOMUFV" failures="0" tests="2" name="GRP-ProductDetails" time="0.06" errors="0" timestamp="10 Aug 2021 06:52:53 GMT">
  <testcase classname="com.day7.TestNGAnotation.com.TestNGAnotetions" name="clickOnProductTV" time="0.016"/>
  <testcase classname="com.day7.TestNGAnotation.com.TestNGAnotetions" name="clickOnProductComputer" time="0.004"/>
</testsuite> <!-- GRP-ProductDetails -->
