<?xml version="1.0" encoding="UTF-8"?>
<!-- Generated by org.testng.reporters.JUnitXMLReporter -->
<testsuite hostname="DESKTOP-RKOMUFV" failures="0" tests="4" name="Default test" time="7.834" errors="0" timestamp="12 Aug 2021 12:05:46 GMT">
  <testcase classname="com.day9.com.SeleniumCheckBoxTest" name="TC_01CheckBoxPageHeaderTextIsDisplayed" time="0.102"/>
  <testcase classname="com.day9.com.SeleniumCheckBoxTest" name="TC_02VerifyAndClickSingleCheckBox" time="0.18"/>
  <testcase classname="com.day9.com.SeleniumCheckBoxTest" name="TC_03verifyResultOfSingleCheckBox" time="0.048"/>
  <testcase classname="com.day9.com.SeleniumCheckBoxTest" name="TC_04VerifyAndMultipleCheckBoxes" time="0.444"/>
</testsuite> <!-- Default test -->
