<?xml version="1.0" encoding="UTF-8"?>
<!-- Generated by org.testng.reporters.JUnitXMLReporter -->
<testsuite hostname="DESKTOP-RKOMUFV" failures="0" tests="3" name="Default test" time="9.462" errors="0" timestamp="13 Aug 2021 12:08:59 GMT">
  <testcase classname="com.day10.TestNG.com.SeleniumRedioButtonTest" name="TC_01VerifyHeaderofRedioButtonDemoPage" time="0.122"/>
  <testcase classname="com.day10.TestNG.com.SeleniumRedioButtonTest" name="TC_02VerifyRedioButtonDemoField" time="0.313"/>
  <testcase classname="com.day10.TestNG.com.SeleniumRedioButtonTest" name="TC03VerifyGroupRedioButtonDemoField" time="0.384"/>
</testsuite> <!-- Default test -->
