<?xml version="1.0" encoding="UTF-8"?>
<testng-results total="3" passed="3" failed="0" skipped="0">
  <reporter-output>
  </reporter-output>
  <suite started-at="2021-08-10T11:29:02Z" name="Default suite" finished-at="2021-08-10T11:29:12Z" duration-ms="9988">
    <groups>
    </groups>
    <test started-at="2021-08-10T11:29:02Z" name="Default test" finished-at="2021-08-10T11:29:12Z" duration-ms="9988">
      <class name="com.day7.TestNGIntegration.com.SeleniumEasyPageTest">
        <test-method is-config="true" signature="setUpWebEnvirnment()[pri:0, instance:com.day7.TestNGIntegration.com.SeleniumEasyPageTest@26d9b808]" started-at="2021-08-10T16:59:02Z" name="setUpWebEnvirnment" finished-at="2021-08-10T16:59:09Z" duration-ms="7555" status="PASS">
          <reporter-output>
          </reporter-output>
        </test-method> <!-- setUpWebEnvirnment -->
        <test-method signature="TC_01VerifyDropdownClickOnValueAndInputDemoPageIsDisplayed()[pri:1, instance:com.day7.TestNGIntegration.com.SeleniumEasyPageTest@26d9b808]" started-at="2021-08-10T16:59:09Z" name="TC_01VerifyDropdownClickOnValueAndInputDemoPageIsDisplayed" finished-at="2021-08-10T16:59:10Z" duration-ms="1284" status="PASS">
          <reporter-output>
          </reporter-output>
        </test-method> <!-- TC_01VerifyDropdownClickOnValueAndInputDemoPageIsDisplayed -->
        <test-method signature="TC_02VerifySingleInputField()[pri:2, instance:com.day7.TestNGIntegration.com.SeleniumEasyPageTest@26d9b808]" started-at="2021-08-10T16:59:10Z" name="TC_02VerifySingleInputField" finished-at="2021-08-10T16:59:11Z" duration-ms="360" status="PASS">
          <reporter-output>
          </reporter-output>
        </test-method> <!-- TC_02VerifySingleInputField -->
        <test-method signature="TC_03VerifyMultiInputField()[pri:3, instance:com.day7.TestNGIntegration.com.SeleniumEasyPageTest@26d9b808]" started-at="2021-08-10T16:59:11Z" name="TC_03VerifyMultiInputField" finished-at="2021-08-10T16:59:11Z" duration-ms="418" status="PASS">
          <reporter-output>
          </reporter-output>
        </test-method> <!-- TC_03VerifyMultiInputField -->
        <test-method is-config="true" signature="tearDownCloseEnvirnment()[pri:0, instance:com.day7.TestNGIntegration.com.SeleniumEasyPageTest@26d9b808]" started-at="2021-08-10T16:59:11Z" name="tearDownCloseEnvirnment" finished-at="2021-08-10T16:59:12Z" duration-ms="343" status="PASS">
          <reporter-output>
          </reporter-output>
        </test-method> <!-- tearDownCloseEnvirnment -->
      </class> <!-- com.day7.TestNGIntegration.com.SeleniumEasyPageTest -->
    </test> <!-- Default test -->
  </suite> <!-- Default suite -->
</testng-results>
