<?xml version="1.0" encoding="UTF-8"?>
<testng-results total="3" passed="3" failed="0" skipped="0">
  <reporter-output>
  </reporter-output>
  <suite started-at="2021-08-13T12:08:49Z" name="Default suite" finished-at="2021-08-13T12:08:59Z" duration-ms="9462">
    <groups>
    </groups>
    <test started-at="2021-08-13T12:08:49Z" name="Default test" finished-at="2021-08-13T12:08:59Z" duration-ms="9462">
      <class name="com.day10.TestNG.com.SeleniumRedioButtonTest">
        <test-method is-config="true" signature="setUpWebEnvirnment()[pri:0, instance:com.day10.TestNG.com.SeleniumRedioButtonTest@f0c8a99]" started-at="2021-08-13T17:38:49Z" name="setUpWebEnvirnment" finished-at="2021-08-13T17:38:58Z" duration-ms="8615" status="PASS">
          <reporter-output>
          </reporter-output>
        </test-method> <!-- setUpWebEnvirnment -->
        <test-method signature="TC_01VerifyHeaderofRedioButtonDemoPage()[pri:1, instance:com.day10.TestNG.com.SeleniumRedioButtonTest@f0c8a99]" started-at="2021-08-13T17:38:58Z" name="TC_01VerifyHeaderofRedioButtonDemoPage" finished-at="2021-08-13T17:38:58Z" duration-ms="122" status="PASS">
          <reporter-output>
          </reporter-output>
        </test-method> <!-- TC_01VerifyHeaderofRedioButtonDemoPage -->
        <test-method signature="TC_02VerifyRedioButtonDemoField()[pri:2, instance:com.day10.TestNG.com.SeleniumRedioButtonTest@f0c8a99]" started-at="2021-08-13T17:38:58Z" name="TC_02VerifyRedioButtonDemoField" finished-at="2021-08-13T17:38:58Z" duration-ms="313" status="PASS">
          <reporter-output>
          </reporter-output>
        </test-method> <!-- TC_02VerifyRedioButtonDemoField -->
        <test-method signature="TC03VerifyGroupRedioButtonDemoField()[pri:3, instance:com.day10.TestNG.com.SeleniumRedioButtonTest@f0c8a99]" started-at="2021-08-13T17:38:58Z" name="TC03VerifyGroupRedioButtonDemoField" finished-at="2021-08-13T17:38:59Z" duration-ms="384" status="PASS">
          <reporter-output>
          </reporter-output>
        </test-method> <!-- TC03VerifyGroupRedioButtonDemoField -->
      </class> <!-- com.day10.TestNG.com.SeleniumRedioButtonTest -->
    </test> <!-- Default test -->
  </suite> <!-- Default suite -->
</testng-results>
